[0.084s] DEBUG:colcon:Command line arguments: ['/usr/bin/colcon', 'build', '--symlink-install']
[0.084s] DEBUG:colcon:Parsed command line arguments: Namespace(log_base=None, log_level=None, verb_name='build', build_base='build', install_base='install', merge_install=False, symlink_install=True, test_result_base=None, continue_on_error=False, executor='parallel', parallel_workers=16, event_handlers=None, ignore_user_meta=False, metas=['./colcon.meta'], base_paths=['.'], packages_ignore=None, packages_ignore_regex=None, paths=None, packages_up_to=None, packages_up_to_regex=None, packages_above=None, packages_above_and_dependencies=None, packages_above_depth=None, packages_select_by_dep=None, packages_skip_by_dep=None, packages_skip_up_to=None, packages_select_build_failed=False, packages_skip_build_finished=False, packages_select_test_failures=False, packages_skip_test_passed=False, packages_select=None, packages_skip=None, packages_select_regex=None, packages_skip_regex=None, packages_start=None, packages_end=None, allow_overriding=[], cmake_args=None, cmake_target=None, cmake_target_skip_unavailable=False, cmake_clean_cache=False, cmake_clean_first=False, cmake_force_configure=False, ament_cmake_args=None, catkin_cmake_args=None, catkin_skip_building_tests=False, mixin_files=None, mixin=None, verb_parser=<colcon_mixin.mixin.mixin_argument.MixinArgumentDecorator object at 0x700a4338e1b0>, verb_extension=<colcon_core.verb.build.BuildVerb object at 0x700a434b9f40>, main=<bound method BuildVerb.main of <colcon_core.verb.build.BuildVerb object at 0x700a434b9f40>>, mixin_verb=('build',))
[0.274s] Level 1:colcon.colcon_core.package_discovery:discover_packages(colcon_meta) check parameters
[0.275s] Level 1:colcon.colcon_core.package_discovery:discover_packages(recursive) check parameters
[0.275s] Level 1:colcon.colcon_core.package_discovery:discover_packages(ignore) check parameters
[0.275s] Level 1:colcon.colcon_core.package_discovery:discover_packages(path) check parameters
[0.275s] Level 1:colcon.colcon_core.package_discovery:discover_packages(colcon_meta) discover
[0.275s] Level 1:colcon.colcon_core.package_discovery:discover_packages(recursive) discover
[0.275s] INFO:colcon.colcon_core.package_discovery:Crawling recursively for packages in '/home/arlo/Ros_projects/Ros2/ass6/src'
[0.275s] Level 1:colcon.colcon_core.package_identification:_identify(.) by extensions ['ignore', 'ignore_ament_install']
[0.275s] Level 1:colcon.colcon_core.package_identification:_identify(.) by extension 'ignore'
[0.275s] Level 1:colcon.colcon_core.package_identification:_identify(.) by extension 'ignore_ament_install'
[0.275s] Level 1:colcon.colcon_core.package_identification:_identify(.) by extensions ['colcon_pkg']
[0.275s] Level 1:colcon.colcon_core.package_identification:_identify(.) by extension 'colcon_pkg'
[0.275s] Level 1:colcon.colcon_core.package_identification:_identify(.) by extensions ['colcon_meta']
[0.275s] Level 1:colcon.colcon_core.package_identification:_identify(.) by extension 'colcon_meta'
[0.275s] Level 1:colcon.colcon_core.package_identification:_identify(.) by extensions ['ros']
[0.275s] Level 1:colcon.colcon_core.package_identification:_identify(.) by extension 'ros'
[0.294s] Level 1:colcon.colcon_core.package_identification:_identify(.) by extensions ['cmake', 'python']
[0.294s] Level 1:colcon.colcon_core.package_identification:_identify(.) by extension 'cmake'
[0.294s] Level 1:colcon.colcon_core.package_identification:_identify(.) by extension 'python'
[0.294s] Level 1:colcon.colcon_core.package_identification:_identify(.) by extensions ['python_setup_py']
[0.294s] Level 1:colcon.colcon_core.package_identification:_identify(.) by extension 'python_setup_py'
[0.294s] Level 1:colcon.colcon_core.package_identification:_identify(asse6) by extensions ['ignore', 'ignore_ament_install']
[0.294s] Level 1:colcon.colcon_core.package_identification:_identify(asse6) by extension 'ignore'
[0.294s] Level 1:colcon.colcon_core.package_identification:_identify(asse6) by extension 'ignore_ament_install'
[0.294s] Level 1:colcon.colcon_core.package_identification:_identify(asse6) by extensions ['colcon_pkg']
[0.294s] Level 1:colcon.colcon_core.package_identification:_identify(asse6) by extension 'colcon_pkg'
[0.294s] Level 1:colcon.colcon_core.package_identification:_identify(asse6) by extensions ['colcon_meta']
[0.294s] Level 1:colcon.colcon_core.package_identification:_identify(asse6) by extension 'colcon_meta'
[0.294s] Level 1:colcon.colcon_core.package_identification:_identify(asse6) by extensions ['ros']
[0.295s] Level 1:colcon.colcon_core.package_identification:_identify(asse6) by extension 'ros'
[0.298s] DEBUG:colcon.colcon_core.package_identification:Package 'asse6' with type 'ros.ament_python' and name 'asse6'
[0.298s] Level 1:colcon.colcon_core.package_identification:_identify(build) by extensions ['ignore', 'ignore_ament_install']
[0.298s] Level 1:colcon.colcon_core.package_identification:_identify(build) by extension 'ignore'
[0.298s] Level 1:colcon.colcon_core.package_identification:_identify(build) ignored
[0.299s] Level 1:colcon.colcon_core.package_identification:_identify(install) by extensions ['ignore', 'ignore_ament_install']
[0.299s] Level 1:colcon.colcon_core.package_identification:_identify(install) by extension 'ignore'
[0.299s] Level 1:colcon.colcon_core.package_identification:_identify(install) ignored
[0.299s] Level 1:colcon.colcon_core.package_identification:_identify(log) by extensions ['ignore', 'ignore_ament_install']
[0.299s] Level 1:colcon.colcon_core.package_identification:_identify(log) by extension 'ignore'
[0.299s] Level 1:colcon.colcon_core.package_identification:_identify(log) ignored
[0.299s] Level 1:colcon.colcon_core.package_discovery:discover_packages(recursive) using defaults
[0.299s] Level 1:colcon.colcon_core.package_discovery:discover_packages(ignore) discover
[0.299s] Level 1:colcon.colcon_core.package_discovery:discover_packages(ignore) using defaults
[0.299s] Level 1:colcon.colcon_core.package_discovery:discover_packages(path) discover
[0.299s] Level 1:colcon.colcon_core.package_discovery:discover_packages(path) using defaults
[0.333s] Level 1:colcon.colcon_core.package_discovery:discover_packages(prefix_path) check parameters
[0.333s] Level 1:colcon.colcon_core.package_discovery:discover_packages(prefix_path) discover
[0.338s] DEBUG:colcon.colcon_installed_package_information.package_discovery:Found 319 installed packages in /opt/ros/jazzy
[0.340s] Level 1:colcon.colcon_core.package_discovery:discover_packages(prefix_path) using defaults
[0.374s] Level 5:colcon.colcon_core.verb:set package 'asse6' build argument 'cmake_args' from command line to 'None'
[0.375s] Level 5:colcon.colcon_core.verb:set package 'asse6' build argument 'cmake_target' from command line to 'None'
[0.375s] Level 5:colcon.colcon_core.verb:set package 'asse6' build argument 'cmake_target_skip_unavailable' from command line to 'False'
[0.375s] Level 5:colcon.colcon_core.verb:set package 'asse6' build argument 'cmake_clean_cache' from command line to 'False'
[0.375s] Level 5:colcon.colcon_core.verb:set package 'asse6' build argument 'cmake_clean_first' from command line to 'False'
[0.375s] Level 5:colcon.colcon_core.verb:set package 'asse6' build argument 'cmake_force_configure' from command line to 'False'
[0.375s] Level 5:colcon.colcon_core.verb:set package 'asse6' build argument 'ament_cmake_args' from command line to 'None'
[0.375s] Level 5:colcon.colcon_core.verb:set package 'asse6' build argument 'catkin_cmake_args' from command line to 'None'
[0.375s] Level 5:colcon.colcon_core.verb:set package 'asse6' build argument 'catkin_skip_building_tests' from command line to 'False'
[0.375s] DEBUG:colcon.colcon_core.verb:Building package 'asse6' with the following arguments: {'ament_cmake_args': None, 'build_base': '/home/arlo/Ros_projects/Ros2/ass6/src/build/asse6', 'catkin_cmake_args': None, 'catkin_skip_building_tests': False, 'cmake_args': None, 'cmake_clean_cache': False, 'cmake_clean_first': False, 'cmake_force_configure': False, 'cmake_target': None, 'cmake_target_skip_unavailable': False, 'install_base': '/home/arlo/Ros_projects/Ros2/ass6/src/install/asse6', 'merge_install': False, 'path': '/home/arlo/Ros_projects/Ros2/ass6/src/asse6', 'symlink_install': True, 'test_result_base': None}
[0.375s] INFO:colcon.colcon_core.executor:Executing jobs using 'parallel' executor
[0.375s] DEBUG:colcon.colcon_parallel_executor.executor.parallel:run_until_complete
[0.376s] INFO:colcon.colcon_ros.task.ament_python.build:Building ROS package in '/home/arlo/Ros_projects/Ros2/ass6/src/asse6' with build type 'ament_python'
[0.376s] Level 1:colcon.colcon_core.shell:create_environment_hook('asse6', 'ament_prefix_path')
[0.384s] INFO:colcon.colcon_core.plugin_system:Skipping extension 'colcon_core.shell.bat': Not used on non-Windows systems
[0.384s] INFO:colcon.colcon_core.shell:Creating environment hook '/home/arlo/Ros_projects/Ros2/ass6/src/install/asse6/share/asse6/hook/ament_prefix_path.ps1'
[0.386s] INFO:colcon.colcon_core.shell:Creating environment descriptor '/home/arlo/Ros_projects/Ros2/ass6/src/install/asse6/share/asse6/hook/ament_prefix_path.dsv'
[0.387s] INFO:colcon.colcon_core.shell:Creating environment hook '/home/arlo/Ros_projects/Ros2/ass6/src/install/asse6/share/asse6/hook/ament_prefix_path.sh'
[0.388s] INFO:colcon.colcon_core.shell:Skip shell extension 'powershell' for command environment: Not usable outside of PowerShell
[0.388s] DEBUG:colcon.colcon_core.shell:Skip shell extension 'dsv' for command environment
[0.573s] INFO:colcon.colcon_core.task.python.build:Building Python package in '/home/arlo/Ros_projects/Ros2/ass6/src/asse6'
[0.574s] INFO:colcon.colcon_core.shell:Skip shell extension 'powershell' for command environment: Not usable outside of PowerShell
[0.574s] DEBUG:colcon.colcon_core.shell:Skip shell extension 'dsv' for command environment
[2.118s] DEBUG:colcon.colcon_core.event_handler.log_command:Invoking command in '/home/arlo/Ros_projects/Ros2/ass6/src/build/asse6': DEBUGINFOD_URLS=https://debuginfod.ubuntu.com PYTHONPATH=/home/arlo/Ros_projects/Ros2/ass6/src/build/asse6/prefix_override:/usr/lib/python3/dist-packages/colcon_core/task/python/colcon_distutils_commands:/home/arlo/Ros_projects/Ros2/ass6/src/install/asse6/lib/python3.12/site-packages:${PYTHONPATH} /usr/bin/python3 -W ignore:setup.py install is deprecated -W ignore:easy_install command is deprecated setup.py develop --editable --build-directory /home/arlo/Ros_projects/Ros2/ass6/src/build/asse6/build --no-deps symlink_data
[2.645s] Level 1:colcon.colcon_core.shell:create_environment_hook('asse6', 'pythonpath_develop')
[2.645s] INFO:colcon.colcon_core.shell:Creating environment hook '/home/arlo/Ros_projects/Ros2/ass6/src/build/asse6/share/asse6/hook/pythonpath_develop.ps1'
[2.645s] DEBUG:colcon.colcon_core.event_handler.log_command:Invoked command in '/home/arlo/Ros_projects/Ros2/ass6/src/build/asse6' returned '0': DEBUGINFOD_URLS=https://debuginfod.ubuntu.com PYTHONPATH=/home/arlo/Ros_projects/Ros2/ass6/src/build/asse6/prefix_override:/usr/lib/python3/dist-packages/colcon_core/task/python/colcon_distutils_commands:/home/arlo/Ros_projects/Ros2/ass6/src/install/asse6/lib/python3.12/site-packages:${PYTHONPATH} /usr/bin/python3 -W ignore:setup.py install is deprecated -W ignore:easy_install command is deprecated setup.py develop --editable --build-directory /home/arlo/Ros_projects/Ros2/ass6/src/build/asse6/build --no-deps symlink_data
[2.646s] INFO:colcon.colcon_core.shell:Creating environment descriptor '/home/arlo/Ros_projects/Ros2/ass6/src/build/asse6/share/asse6/hook/pythonpath_develop.dsv'
[2.646s] INFO:colcon.colcon_core.shell:Creating environment hook '/home/arlo/Ros_projects/Ros2/ass6/src/build/asse6/share/asse6/hook/pythonpath_develop.sh'
[2.658s] Level 1:colcon.colcon_core.environment:checking '/home/arlo/Ros_projects/Ros2/ass6/src/install/asse6' for CMake module files
[2.658s] Level 1:colcon.colcon_core.environment:checking '/home/arlo/Ros_projects/Ros2/ass6/src/install/asse6' for CMake config files
[2.659s] Level 1:colcon.colcon_core.environment:checking '/home/arlo/Ros_projects/Ros2/ass6/src/install/asse6/lib'
[2.659s] Level 1:colcon.colcon_core.environment:checking '/home/arlo/Ros_projects/Ros2/ass6/src/install/asse6/bin'
[2.659s] Level 1:colcon.colcon_core.environment:checking '/home/arlo/Ros_projects/Ros2/ass6/src/install/asse6/lib/pkgconfig/asse6.pc'
[2.659s] Level 1:colcon.colcon_core.environment:checking '/home/arlo/Ros_projects/Ros2/ass6/src/install/asse6/lib/python3.12/site-packages'
[2.659s] Level 1:colcon.colcon_core.shell:create_environment_hook('asse6', 'pythonpath')
[2.659s] INFO:colcon.colcon_core.shell:Creating environment hook '/home/arlo/Ros_projects/Ros2/ass6/src/install/asse6/share/asse6/hook/pythonpath.ps1'
[2.659s] INFO:colcon.colcon_core.shell:Creating environment descriptor '/home/arlo/Ros_projects/Ros2/ass6/src/install/asse6/share/asse6/hook/pythonpath.dsv'
[2.660s] INFO:colcon.colcon_core.shell:Creating environment hook '/home/arlo/Ros_projects/Ros2/ass6/src/install/asse6/share/asse6/hook/pythonpath.sh'
[2.660s] Level 1:colcon.colcon_core.environment:checking '/home/arlo/Ros_projects/Ros2/ass6/src/install/asse6/bin'
[2.660s] Level 1:colcon.colcon_core.environment:create_environment_scripts_only(asse6)
[2.660s] INFO:colcon.colcon_core.shell:Creating package script '/home/arlo/Ros_projects/Ros2/ass6/src/install/asse6/share/asse6/package.ps1'
[2.661s] INFO:colcon.colcon_core.shell:Creating package descriptor '/home/arlo/Ros_projects/Ros2/ass6/src/install/asse6/share/asse6/package.dsv'
[2.662s] INFO:colcon.colcon_core.shell:Creating package script '/home/arlo/Ros_projects/Ros2/ass6/src/install/asse6/share/asse6/package.sh'
[2.663s] INFO:colcon.colcon_core.shell:Creating package script '/home/arlo/Ros_projects/Ros2/ass6/src/install/asse6/share/asse6/package.bash'
[2.665s] INFO:colcon.colcon_core.shell:Creating package script '/home/arlo/Ros_projects/Ros2/ass6/src/install/asse6/share/asse6/package.zsh'
[2.666s] Level 1:colcon.colcon_core.environment:create_file_with_runtime_dependencies(/home/arlo/Ros_projects/Ros2/ass6/src/install/asse6/share/colcon-core/packages/asse6)
[2.666s] DEBUG:colcon.colcon_parallel_executor.executor.parallel:closing loop
[2.666s] DEBUG:colcon.colcon_parallel_executor.executor.parallel:loop closed
[2.666s] DEBUG:colcon.colcon_parallel_executor.executor.parallel:run_until_complete finished with '0'
[2.666s] DEBUG:colcon.colcon_core.event_reactor:joining thread
[2.674s] INFO:colcon.colcon_core.plugin_system:Skipping extension 'colcon_notification.desktop_notification.terminal_notifier': Not used on non-Darwin systems
[2.674s] INFO:colcon.colcon_core.plugin_system:Skipping extension 'colcon_notification.desktop_notification.win32': Not used on non-Windows systems
[2.675s] INFO:colcon.colcon_notification.desktop_notification:Sending desktop notification using 'notify2'
[2.687s] DEBUG:colcon.colcon_core.event_reactor:joined thread
[2.687s] INFO:colcon.colcon_core.shell:Creating prefix script '/home/arlo/Ros_projects/Ros2/ass6/src/install/local_setup.ps1'
[2.692s] INFO:colcon.colcon_core.shell:Creating prefix util module '/home/arlo/Ros_projects/Ros2/ass6/src/install/_local_setup_util_ps1.py'
[2.693s] INFO:colcon.colcon_core.shell:Creating prefix chain script '/home/arlo/Ros_projects/Ros2/ass6/src/install/setup.ps1'
[2.694s] INFO:colcon.colcon_core.shell:Creating prefix script '/home/arlo/Ros_projects/Ros2/ass6/src/install/local_setup.sh'
[2.695s] INFO:colcon.colcon_core.shell:Creating prefix util module '/home/arlo/Ros_projects/Ros2/ass6/src/install/_local_setup_util_sh.py'
[2.695s] INFO:colcon.colcon_core.shell:Creating prefix chain script '/home/arlo/Ros_projects/Ros2/ass6/src/install/setup.sh'
[2.696s] INFO:colcon.colcon_core.shell:Creating prefix script '/home/arlo/Ros_projects/Ros2/ass6/src/install/local_setup.bash'
[2.697s] INFO:colcon.colcon_core.shell:Creating prefix chain script '/home/arlo/Ros_projects/Ros2/ass6/src/install/setup.bash'
[2.698s] INFO:colcon.colcon_core.shell:Creating prefix script '/home/arlo/Ros_projects/Ros2/ass6/src/install/local_setup.zsh'
[2.699s] INFO:colcon.colcon_core.shell:Creating prefix chain script '/home/arlo/Ros_projects/Ros2/ass6/src/install/setup.zsh'
