[0.152s] DEBUG:colcon:Command line arguments: ['/usr/bin/colcon', 'build']
[0.152s] DEBUG:colcon:Parsed command line arguments: Namespace(log_base=None, log_level=None, verb_name='build', build_base='build', install_base='install', merge_install=False, symlink_install=False, test_result_base=None, continue_on_error=False, executor='parallel', parallel_workers=16, event_handlers=None, ignore_user_meta=False, metas=['./colcon.meta'], base_paths=['.'], packages_ignore=None, packages_ignore_regex=None, paths=None, packages_up_to=None, packages_up_to_regex=None, packages_above=None, packages_above_and_dependencies=None, packages_above_depth=None, packages_select_by_dep=None, packages_skip_by_dep=None, packages_skip_up_to=None, packages_select_build_failed=False, packages_skip_build_finished=False, packages_select_test_failures=False, packages_skip_test_passed=False, packages_select=None, packages_skip=None, packages_select_regex=None, packages_skip_regex=None, packages_start=None, packages_end=None, allow_overriding=[], cmake_args=None, cmake_target=None, cmake_target_skip_unavailable=False, cmake_clean_cache=False, cmake_clean_first=False, cmake_force_configure=False, ament_cmake_args=None, catkin_cmake_args=None, catkin_skip_building_tests=False, mixin_files=None, mixin=None, verb_parser=<colcon_mixin.mixin.mixin_argument.MixinArgumentDecorator object at 0x728536c9d0a0>, verb_extension=<colcon_core.verb.build.BuildVerb object at 0x728536dc8e30>, main=<bound method BuildVerb.main of <colcon_core.verb.build.BuildVerb object at 0x728536dc8e30>>, mixin_verb=('build',))
[0.207s] Level 1:colcon.colcon_core.package_discovery:discover_packages(colcon_meta) check parameters
[0.207s] Level 1:colcon.colcon_core.package_discovery:discover_packages(recursive) check parameters
[0.207s] Level 1:colcon.colcon_core.package_discovery:discover_packages(ignore) check parameters
[0.207s] Level 1:colcon.colcon_core.package_discovery:discover_packages(path) check parameters
[0.207s] Level 1:colcon.colcon_core.package_discovery:discover_packages(colcon_meta) discover
[0.207s] Level 1:colcon.colcon_core.package_discovery:discover_packages(recursive) discover
[0.207s] INFO:colcon.colcon_core.package_discovery:Crawling recursively for packages in '/home/arlo/ws_manip'
[0.207s] Level 1:colcon.colcon_core.package_identification:_identify(.) by extensions ['ignore', 'ignore_ament_install']
[0.208s] Level 1:colcon.colcon_core.package_identification:_identify(.) by extension 'ignore'
[0.208s] Level 1:colcon.colcon_core.package_identification:_identify(.) by extension 'ignore_ament_install'
[0.208s] Level 1:colcon.colcon_core.package_identification:_identify(.) by extensions ['colcon_pkg']
[0.208s] Level 1:colcon.colcon_core.package_identification:_identify(.) by extension 'colcon_pkg'
[0.208s] Level 1:colcon.colcon_core.package_identification:_identify(.) by extensions ['colcon_meta']
[0.208s] Level 1:colcon.colcon_core.package_identification:_identify(.) by extension 'colcon_meta'
[0.208s] Level 1:colcon.colcon_core.package_identification:_identify(.) by extensions ['ros']
[0.208s] Level 1:colcon.colcon_core.package_identification:_identify(.) by extension 'ros'
[0.243s] Level 1:colcon.colcon_core.package_identification:_identify(.) by extensions ['cmake', 'python']
[0.243s] Level 1:colcon.colcon_core.package_identification:_identify(.) by extension 'cmake'
[0.243s] Level 1:colcon.colcon_core.package_identification:_identify(.) by extension 'python'
[0.243s] Level 1:colcon.colcon_core.package_identification:_identify(.) by extensions ['python_setup_py']
[0.243s] Level 1:colcon.colcon_core.package_identification:_identify(.) by extension 'python_setup_py'
[0.243s] Level 1:colcon.colcon_core.package_identification:_identify(build) by extensions ['ignore', 'ignore_ament_install']
[0.243s] Level 1:colcon.colcon_core.package_identification:_identify(build) by extension 'ignore'
[0.244s] Level 1:colcon.colcon_core.package_identification:_identify(build) ignored
[0.244s] Level 1:colcon.colcon_core.package_identification:_identify(install) by extensions ['ignore', 'ignore_ament_install']
[0.244s] Level 1:colcon.colcon_core.package_identification:_identify(install) by extension 'ignore'
[0.244s] Level 1:colcon.colcon_core.package_identification:_identify(install) ignored
[0.244s] Level 1:colcon.colcon_core.package_identification:_identify(log) by extensions ['ignore', 'ignore_ament_install']
[0.244s] Level 1:colcon.colcon_core.package_identification:_identify(log) by extension 'ignore'
[0.244s] Level 1:colcon.colcon_core.package_identification:_identify(log) ignored
[0.244s] Level 1:colcon.colcon_core.package_identification:_identify(src) by extensions ['ignore', 'ignore_ament_install']
[0.244s] Level 1:colcon.colcon_core.package_identification:_identify(src) by extension 'ignore'
[0.244s] Level 1:colcon.colcon_core.package_identification:_identify(src) by extension 'ignore_ament_install'
[0.245s] Level 1:colcon.colcon_core.package_identification:_identify(src) by extensions ['colcon_pkg']
[0.245s] Level 1:colcon.colcon_core.package_identification:_identify(src) by extension 'colcon_pkg'
[0.245s] Level 1:colcon.colcon_core.package_identification:_identify(src) by extensions ['colcon_meta']
[0.245s] Level 1:colcon.colcon_core.package_identification:_identify(src) by extension 'colcon_meta'
[0.245s] Level 1:colcon.colcon_core.package_identification:_identify(src) by extensions ['ros']
[0.245s] Level 1:colcon.colcon_core.package_identification:_identify(src) by extension 'ros'
[0.245s] Level 1:colcon.colcon_core.package_identification:_identify(src) by extensions ['cmake', 'python']
[0.245s] Level 1:colcon.colcon_core.package_identification:_identify(src) by extension 'cmake'
[0.245s] Level 1:colcon.colcon_core.package_identification:_identify(src) by extension 'python'
[0.245s] Level 1:colcon.colcon_core.package_identification:_identify(src) by extensions ['python_setup_py']
[0.245s] Level 1:colcon.colcon_core.package_identification:_identify(src) by extension 'python_setup_py'
[0.245s] Level 1:colcon.colcon_core.package_identification:_identify(src/config) by extensions ['ignore', 'ignore_ament_install']
[0.245s] Level 1:colcon.colcon_core.package_identification:_identify(src/config) by extension 'ignore'
[0.245s] Level 1:colcon.colcon_core.package_identification:_identify(src/config) by extension 'ignore_ament_install'
[0.245s] Level 1:colcon.colcon_core.package_identification:_identify(src/config) by extensions ['colcon_pkg']
[0.246s] Level 1:colcon.colcon_core.package_identification:_identify(src/config) by extension 'colcon_pkg'
[0.246s] Level 1:colcon.colcon_core.package_identification:_identify(src/config) by extensions ['colcon_meta']
[0.246s] Level 1:colcon.colcon_core.package_identification:_identify(src/config) by extension 'colcon_meta'
[0.246s] Level 1:colcon.colcon_core.package_identification:_identify(src/config) by extensions ['ros']
[0.246s] Level 1:colcon.colcon_core.package_identification:_identify(src/config) by extension 'ros'
[0.246s] Level 1:colcon.colcon_core.package_identification:_identify(src/config) by extensions ['cmake', 'python']
[0.246s] Level 1:colcon.colcon_core.package_identification:_identify(src/config) by extension 'cmake'
[0.246s] Level 1:colcon.colcon_core.package_identification:_identify(src/config) by extension 'python'
[0.246s] Level 1:colcon.colcon_core.package_identification:_identify(src/config) by extensions ['python_setup_py']
[0.246s] Level 1:colcon.colcon_core.package_identification:_identify(src/config) by extension 'python_setup_py'
[0.246s] Level 1:colcon.colcon_core.package_identification:_identify(src/launch) by extensions ['ignore', 'ignore_ament_install']
[0.246s] Level 1:colcon.colcon_core.package_identification:_identify(src/launch) by extension 'ignore'
[0.246s] Level 1:colcon.colcon_core.package_identification:_identify(src/launch) by extension 'ignore_ament_install'
[0.246s] Level 1:colcon.colcon_core.package_identification:_identify(src/launch) by extensions ['colcon_pkg']
[0.247s] Level 1:colcon.colcon_core.package_identification:_identify(src/launch) by extension 'colcon_pkg'
[0.247s] Level 1:colcon.colcon_core.package_identification:_identify(src/launch) by extensions ['colcon_meta']
[0.247s] Level 1:colcon.colcon_core.package_identification:_identify(src/launch) by extension 'colcon_meta'
[0.247s] Level 1:colcon.colcon_core.package_identification:_identify(src/launch) by extensions ['ros']
[0.247s] Level 1:colcon.colcon_core.package_identification:_identify(src/launch) by extension 'ros'
[0.247s] Level 1:colcon.colcon_core.package_identification:_identify(src/launch) by extensions ['cmake', 'python']
[0.247s] Level 1:colcon.colcon_core.package_identification:_identify(src/launch) by extension 'cmake'
[0.247s] Level 1:colcon.colcon_core.package_identification:_identify(src/launch) by extension 'python'
[0.247s] Level 1:colcon.colcon_core.package_identification:_identify(src/launch) by extensions ['python_setup_py']
[0.247s] Level 1:colcon.colcon_core.package_identification:_identify(src/launch) by extension 'python_setup_py'
[0.247s] Level 1:colcon.colcon_core.package_identification:_identify(src/manip) by extensions ['ignore', 'ignore_ament_install']
[0.247s] Level 1:colcon.colcon_core.package_identification:_identify(src/manip) by extension 'ignore'
[0.247s] Level 1:colcon.colcon_core.package_identification:_identify(src/manip) by extension 'ignore_ament_install'
[0.247s] Level 1:colcon.colcon_core.package_identification:_identify(src/manip) by extensions ['colcon_pkg']
[0.247s] Level 1:colcon.colcon_core.package_identification:_identify(src/manip) by extension 'colcon_pkg'
[0.248s] Level 1:colcon.colcon_core.package_identification:_identify(src/manip) by extensions ['colcon_meta']
[0.248s] Level 1:colcon.colcon_core.package_identification:_identify(src/manip) by extension 'colcon_meta'
[0.248s] Level 1:colcon.colcon_core.package_identification:_identify(src/manip) by extensions ['ros']
[0.248s] Level 1:colcon.colcon_core.package_identification:_identify(src/manip) by extension 'ros'
[0.251s] DEBUG:colcon.colcon_core.package_identification:Package 'src/manip' with type 'ros.ament_cmake' and name 'manip'
[0.251s] Level 1:colcon.colcon_core.package_identification:_identify(src/urdf) by extensions ['ignore', 'ignore_ament_install']
[0.251s] Level 1:colcon.colcon_core.package_identification:_identify(src/urdf) by extension 'ignore'
[0.251s] Level 1:colcon.colcon_core.package_identification:_identify(src/urdf) by extension 'ignore_ament_install'
[0.251s] Level 1:colcon.colcon_core.package_identification:_identify(src/urdf) by extensions ['colcon_pkg']
[0.251s] Level 1:colcon.colcon_core.package_identification:_identify(src/urdf) by extension 'colcon_pkg'
[0.251s] Level 1:colcon.colcon_core.package_identification:_identify(src/urdf) by extensions ['colcon_meta']
[0.251s] Level 1:colcon.colcon_core.package_identification:_identify(src/urdf) by extension 'colcon_meta'
[0.251s] Level 1:colcon.colcon_core.package_identification:_identify(src/urdf) by extensions ['ros']
[0.251s] Level 1:colcon.colcon_core.package_identification:_identify(src/urdf) by extension 'ros'
[0.252s] Level 1:colcon.colcon_core.package_identification:_identify(src/urdf) by extensions ['cmake', 'python']
[0.252s] Level 1:colcon.colcon_core.package_identification:_identify(src/urdf) by extension 'cmake'
[0.252s] Level 1:colcon.colcon_core.package_identification:_identify(src/urdf) by extension 'python'
[0.252s] Level 1:colcon.colcon_core.package_identification:_identify(src/urdf) by extensions ['python_setup_py']
[0.252s] Level 1:colcon.colcon_core.package_identification:_identify(src/urdf) by extension 'python_setup_py'
[0.252s] Level 1:colcon.colcon_core.package_discovery:discover_packages(recursive) using defaults
[0.252s] Level 1:colcon.colcon_core.package_discovery:discover_packages(ignore) discover
[0.252s] Level 1:colcon.colcon_core.package_discovery:discover_packages(ignore) using defaults
[0.252s] Level 1:colcon.colcon_core.package_discovery:discover_packages(path) discover
[0.252s] Level 1:colcon.colcon_core.package_discovery:discover_packages(path) using defaults
[0.276s] Level 1:colcon.colcon_core.package_discovery:discover_packages(prefix_path) check parameters
[0.276s] Level 1:colcon.colcon_core.package_discovery:discover_packages(prefix_path) discover
[0.278s] DEBUG:colcon.colcon_installed_package_information.package_discovery:Found 1 installed packages in /home/arlo/ws_mani/install
[0.280s] DEBUG:colcon.colcon_installed_package_information.package_discovery:Found 289 installed packages in /opt/ros/jazzy
[0.281s] Level 1:colcon.colcon_core.package_discovery:discover_packages(prefix_path) using defaults
[0.341s] Level 5:colcon.colcon_core.verb:set package 'manip' build argument 'cmake_args' from command line to 'None'
[0.341s] Level 5:colcon.colcon_core.verb:set package 'manip' build argument 'cmake_target' from command line to 'None'
[0.341s] Level 5:colcon.colcon_core.verb:set package 'manip' build argument 'cmake_target_skip_unavailable' from command line to 'False'
[0.341s] Level 5:colcon.colcon_core.verb:set package 'manip' build argument 'cmake_clean_cache' from command line to 'False'
[0.341s] Level 5:colcon.colcon_core.verb:set package 'manip' build argument 'cmake_clean_first' from command line to 'False'
[0.341s] Level 5:colcon.colcon_core.verb:set package 'manip' build argument 'cmake_force_configure' from command line to 'False'
[0.341s] Level 5:colcon.colcon_core.verb:set package 'manip' build argument 'ament_cmake_args' from command line to 'None'
[0.341s] Level 5:colcon.colcon_core.verb:set package 'manip' build argument 'catkin_cmake_args' from command line to 'None'
[0.342s] Level 5:colcon.colcon_core.verb:set package 'manip' build argument 'catkin_skip_building_tests' from command line to 'False'
[0.342s] DEBUG:colcon.colcon_core.verb:Building package 'manip' with the following arguments: {'ament_cmake_args': None, 'build_base': '/home/arlo/ws_manip/build/manip', 'catkin_cmake_args': None, 'catkin_skip_building_tests': False, 'cmake_args': None, 'cmake_clean_cache': False, 'cmake_clean_first': False, 'cmake_force_configure': False, 'cmake_target': None, 'cmake_target_skip_unavailable': False, 'install_base': '/home/arlo/ws_manip/install/manip', 'merge_install': False, 'path': '/home/arlo/ws_manip/src/manip', 'symlink_install': False, 'test_result_base': None}
[0.342s] INFO:colcon.colcon_core.executor:Executing jobs using 'parallel' executor
[0.343s] DEBUG:colcon.colcon_parallel_executor.executor.parallel:run_until_complete
[0.343s] INFO:colcon.colcon_ros.task.ament_cmake.build:Building ROS package in '/home/arlo/ws_manip/src/manip' with build type 'ament_cmake'
[0.343s] INFO:colcon.colcon_cmake.task.cmake.build:Building CMake package in '/home/arlo/ws_manip/src/manip'
[0.346s] INFO:colcon.colcon_core.plugin_system:Skipping extension 'colcon_core.shell.bat': Not used on non-Windows systems
[0.346s] INFO:colcon.colcon_core.shell:Skip shell extension 'powershell' for command environment: Not usable outside of PowerShell
[0.346s] DEBUG:colcon.colcon_core.shell:Skip shell extension 'dsv' for command environment
[0.358s] DEBUG:colcon.colcon_core.event_handler.log_command:Invoking command in '/home/arlo/ws_manip/build/manip': CMAKE_PREFIX_PATH=${CMAKE_PREFIX_PATH}:/opt/ros/jazzy DEBUGINFOD_URLS=https://debuginfod.ubuntu.com /usr/bin/cmake /home/arlo/ws_manip/src/manip -DCMAKE_INSTALL_PREFIX=/home/arlo/ws_manip/install/manip
[2.667s] DEBUG:colcon.colcon_core.event_handler.log_command:Invoked command in '/home/arlo/ws_manip/build/manip' returned '0': CMAKE_PREFIX_PATH=${CMAKE_PREFIX_PATH}:/opt/ros/jazzy DEBUGINFOD_URLS=https://debuginfod.ubuntu.com /usr/bin/cmake /home/arlo/ws_manip/src/manip -DCMAKE_INSTALL_PREFIX=/home/arlo/ws_manip/install/manip
[2.669s] DEBUG:colcon.colcon_core.event_handler.log_command:Invoking command in '/home/arlo/ws_manip/build/manip': CMAKE_PREFIX_PATH=${CMAKE_PREFIX_PATH}:/opt/ros/jazzy DEBUGINFOD_URLS=https://debuginfod.ubuntu.com /usr/bin/cmake --build /home/arlo/ws_manip/build/manip -- -j16 -l16
[2.735s] DEBUG:colcon.colcon_core.event_handler.log_command:Invoked command in '/home/arlo/ws_manip/build/manip' returned '0': CMAKE_PREFIX_PATH=${CMAKE_PREFIX_PATH}:/opt/ros/jazzy DEBUGINFOD_URLS=https://debuginfod.ubuntu.com /usr/bin/cmake --build /home/arlo/ws_manip/build/manip -- -j16 -l16
[2.751s] DEBUG:colcon.colcon_core.event_handler.log_command:Invoking command in '/home/arlo/ws_manip/build/manip': CMAKE_PREFIX_PATH=${CMAKE_PREFIX_PATH}:/opt/ros/jazzy DEBUGINFOD_URLS=https://debuginfod.ubuntu.com /usr/bin/cmake --install /home/arlo/ws_manip/build/manip
[2.767s] Level 1:colcon.colcon_core.environment:create_environment_scripts_only(manip)
[2.768s] DEBUG:colcon.colcon_core.event_handler.log_command:Invoked command in '/home/arlo/ws_manip/build/manip' returned '0': CMAKE_PREFIX_PATH=${CMAKE_PREFIX_PATH}:/opt/ros/jazzy DEBUGINFOD_URLS=https://debuginfod.ubuntu.com /usr/bin/cmake --install /home/arlo/ws_manip/build/manip
[2.770s] Level 1:colcon.colcon_core.environment:checking '/home/arlo/ws_manip/install/manip' for CMake module files
[2.771s] Level 1:colcon.colcon_core.environment:checking '/home/arlo/ws_manip/install/manip' for CMake config files
[2.771s] Level 1:colcon.colcon_core.shell:create_environment_hook('manip', 'cmake_prefix_path')
[2.772s] INFO:colcon.colcon_core.shell:Creating environment hook '/home/arlo/ws_manip/install/manip/share/manip/hook/cmake_prefix_path.ps1'
[2.772s] INFO:colcon.colcon_core.shell:Creating environment descriptor '/home/arlo/ws_manip/install/manip/share/manip/hook/cmake_prefix_path.dsv'
[2.773s] INFO:colcon.colcon_core.shell:Creating environment hook '/home/arlo/ws_manip/install/manip/share/manip/hook/cmake_prefix_path.sh'
[2.774s] Level 1:colcon.colcon_core.environment:checking '/home/arlo/ws_manip/install/manip/bin'
[2.774s] Level 1:colcon.colcon_core.environment:checking '/home/arlo/ws_manip/install/manip/lib/pkgconfig/manip.pc'
[2.774s] Level 1:colcon.colcon_core.environment:checking '/home/arlo/ws_manip/install/manip/lib/python3.12/site-packages'
[2.774s] Level 1:colcon.colcon_core.environment:checking '/home/arlo/ws_manip/install/manip/bin'
[2.775s] INFO:colcon.colcon_core.shell:Creating package script '/home/arlo/ws_manip/install/manip/share/manip/package.ps1'
[2.775s] INFO:colcon.colcon_core.shell:Creating package descriptor '/home/arlo/ws_manip/install/manip/share/manip/package.dsv'
[2.776s] INFO:colcon.colcon_core.shell:Creating package script '/home/arlo/ws_manip/install/manip/share/manip/package.sh'
[2.777s] INFO:colcon.colcon_core.shell:Creating package script '/home/arlo/ws_manip/install/manip/share/manip/package.bash'
[2.777s] INFO:colcon.colcon_core.shell:Creating package script '/home/arlo/ws_manip/install/manip/share/manip/package.zsh'
[2.778s] Level 1:colcon.colcon_core.environment:create_file_with_runtime_dependencies(/home/arlo/ws_manip/install/manip/share/colcon-core/packages/manip)
[2.779s] Level 1:colcon.colcon_core.environment:create_environment_scripts_only(manip)
[2.779s] Level 1:colcon.colcon_core.environment:checking '/home/arlo/ws_manip/install/manip' for CMake module files
[2.779s] Level 1:colcon.colcon_core.environment:checking '/home/arlo/ws_manip/install/manip' for CMake config files
[2.780s] Level 1:colcon.colcon_core.shell:create_environment_hook('manip', 'cmake_prefix_path')
[2.780s] INFO:colcon.colcon_core.shell:Creating environment hook '/home/arlo/ws_manip/install/manip/share/manip/hook/cmake_prefix_path.ps1'
[2.781s] INFO:colcon.colcon_core.shell:Creating environment descriptor '/home/arlo/ws_manip/install/manip/share/manip/hook/cmake_prefix_path.dsv'
[2.781s] INFO:colcon.colcon_core.shell:Creating environment hook '/home/arlo/ws_manip/install/manip/share/manip/hook/cmake_prefix_path.sh'
[2.782s] Level 1:colcon.colcon_core.environment:checking '/home/arlo/ws_manip/install/manip/bin'
[2.782s] Level 1:colcon.colcon_core.environment:checking '/home/arlo/ws_manip/install/manip/lib/pkgconfig/manip.pc'
[2.783s] Level 1:colcon.colcon_core.environment:checking '/home/arlo/ws_manip/install/manip/lib/python3.12/site-packages'
[2.783s] Level 1:colcon.colcon_core.environment:checking '/home/arlo/ws_manip/install/manip/bin'
[2.783s] INFO:colcon.colcon_core.shell:Creating package script '/home/arlo/ws_manip/install/manip/share/manip/package.ps1'
[2.784s] INFO:colcon.colcon_core.shell:Creating package descriptor '/home/arlo/ws_manip/install/manip/share/manip/package.dsv'
[2.785s] INFO:colcon.colcon_core.shell:Creating package script '/home/arlo/ws_manip/install/manip/share/manip/package.sh'
[2.785s] INFO:colcon.colcon_core.shell:Creating package script '/home/arlo/ws_manip/install/manip/share/manip/package.bash'
[2.786s] INFO:colcon.colcon_core.shell:Creating package script '/home/arlo/ws_manip/install/manip/share/manip/package.zsh'
[2.786s] Level 1:colcon.colcon_core.environment:create_file_with_runtime_dependencies(/home/arlo/ws_manip/install/manip/share/colcon-core/packages/manip)
[2.787s] DEBUG:colcon.colcon_parallel_executor.executor.parallel:closing loop
[2.787s] DEBUG:colcon.colcon_parallel_executor.executor.parallel:loop closed
[2.788s] DEBUG:colcon.colcon_parallel_executor.executor.parallel:run_until_complete finished with '0'
[2.788s] DEBUG:colcon.colcon_core.event_reactor:joining thread
[2.794s] INFO:colcon.colcon_core.plugin_system:Skipping extension 'colcon_notification.desktop_notification.terminal_notifier': Not used on non-Darwin systems
[2.794s] INFO:colcon.colcon_core.plugin_system:Skipping extension 'colcon_notification.desktop_notification.win32': Not used on non-Windows systems
[2.795s] INFO:colcon.colcon_notification.desktop_notification:Sending desktop notification using 'notify2'
[2.811s] DEBUG:colcon.colcon_core.event_reactor:joined thread
[2.811s] INFO:colcon.colcon_core.shell:Creating prefix script '/home/arlo/ws_manip/install/local_setup.ps1'
[2.812s] INFO:colcon.colcon_core.shell:Creating prefix util module '/home/arlo/ws_manip/install/_local_setup_util_ps1.py'
[2.814s] INFO:colcon.colcon_core.shell:Creating prefix chain script '/home/arlo/ws_manip/install/setup.ps1'
[2.815s] INFO:colcon.colcon_core.shell:Creating prefix script '/home/arlo/ws_manip/install/local_setup.sh'
[2.815s] INFO:colcon.colcon_core.shell:Creating prefix util module '/home/arlo/ws_manip/install/_local_setup_util_sh.py'
[2.816s] INFO:colcon.colcon_core.shell:Creating prefix chain script '/home/arlo/ws_manip/install/setup.sh'
[2.817s] INFO:colcon.colcon_core.shell:Creating prefix script '/home/arlo/ws_manip/install/local_setup.bash'
[2.817s] INFO:colcon.colcon_core.shell:Creating prefix chain script '/home/arlo/ws_manip/install/setup.bash'
[2.819s] INFO:colcon.colcon_core.shell:Creating prefix script '/home/arlo/ws_manip/install/local_setup.zsh'
[2.819s] INFO:colcon.colcon_core.shell:Creating prefix chain script '/home/arlo/ws_manip/install/setup.zsh'
